<?xml version="1.0" encoding="UTF-8"?>
<testsuite xmlns:xsi="http://www.w3.org/2001/XMLSchema-instance" xsi:noNamespaceSchemaLocation="https://maven.apache.org/surefire/maven-surefire-plugin/xsd/surefire-test-report-3.0.xsd" version="3.0" name="com.example.resume.ResumeApplicationTests" time="7.681" tests="1" errors="0" skipped="0" failures="0">
  <properties>
[...]
</properties>
  <testcase name="contextLoads" classname="com.example.resume.ResumeApplicationTests" time="0.855">
    <system-out><![CDATA[15:35:08.904 [main] INFO org.springframework.test.context.support.AnnotationConfigContextLoaderUtils -- Could not detect default configuration classes for test class [com.example.resume.ResumeApplicationTests]: ResumeApplicationTests does not declare any static, non-private, non-final, nested classes annotated with @Configuration.
15:35:09.070 [main] INFO org.springframework.boot.test.context.SpringBootTestContextBootstrapper -- Found @SpringBootConfiguration com.example.resume.ResumeBackendApplication for test class com.example.resume.ResumeApplicationTests

  .   ____          _            __ _ _
 /\\ / ___'_ __ _ _(_)_ __  __ _ \ \ \ \
( ( )\___ | '_ | '_| | '_ \/ _` | \ \ \ \
 \\/  ___)| |_)| | | | | || (_| |  ) ) ) )
  '  |____| .__|_| |_|_| |_\__, | / / / /
 =========|_|==============|___/=/_/_/_/
 :: Spring Boot ::                (v3.2.2)

2026-02-15T15:35:09.606+05:30  INFO 16144 --- [           main] c.example.resume.ResumeApplicationTests  : Starting ResumeApplicationTests using Java 17.0.16 with PID 16144 (started by hp in C:\Users\hp\Desktop\project\resume project\resume)
2026-02-15T15:35:09.606+05:30  INFO 16144 --- [           main] c.example.resume.ResumeApplicationTests  : No active profile set, falling back to 1 default profile: "default"
2026-02-15T15:35:10.920+05:30  INFO 16144 --- [           main] .s.d.r.c.RepositoryConfigurationDelegate : Bootstrapping Spring Data JPA repositories in DEFAULT mode.
2026-02-15T15:35:11.033+05:30  INFO 16144 --- [           main] .s.d.r.c.RepositoryConfigurationDelegate : Finished Spring Data repository scanning in 93 ms. Found 2 JPA repository interfaces.
2026-02-15T15:35:12.062+05:30  INFO 16144 --- [           main] o.hibernate.jpa.internal.util.LogHelper  : HHH000204: Processing PersistenceUnitInfo [name: default]
2026-02-15T15:35:12.170+05:30  INFO 16144 --- [           main] org.hibernate.Version                    : HHH000412: Hibernate ORM core version 6.4.1.Final
2026-02-15T15:35:12.220+05:30  INFO 16144 --- [           main] o.h.c.internal.RegionFactoryInitiator    : HHH000026: Second-level cache disabled
2026-02-15T15:35:12.693+05:30  INFO 16144 --- [           main] o.s.o.j.p.SpringPersistenceUnitInfo      : No LoadTimeWeaver setup: ignoring JPA class transformer
2026-02-15T15:35:12.733+05:30  INFO 16144 --- [           main] com.zaxxer.hikari.HikariDataSource       : HikariPool-1 - Starting...
2026-02-15T15:35:12.971+05:30  INFO 16144 --- [           main] com.zaxxer.hikari.pool.HikariPool        : HikariPool-1 - Added connection com.mysql.cj.jdbc.ConnectionImpl@4a660b34
2026-02-15T15:35:12.977+05:30  INFO 16144 --- [           main] com.zaxxer.hikari.HikariDataSource       : HikariPool-1 - Start completed.
2026-02-15T15:35:14.093+05:30  INFO 16144 --- [           main] o.h.e.t.j.p.i.JtaPlatformInitiator       : HHH000489: No JTA platform available (set 'hibernate.transaction.jta.platform' to enable JTA platform integration)
2026-02-15T15:35:14.140+05:30  INFO 16144 --- [           main] j.LocalContainerEntityManagerFactoryBean : Initialized JPA EntityManagerFactory for persistence unit 'default'
2026-02-15T15:35:14.881+05:30  WARN 16144 --- [           main] JpaBaseConfiguration$JpaWebConfiguration : spring.jpa.open-in-view is enabled by default. Therefore, database queries may be performed during view rendering. Explicitly configure spring.jpa.open-in-view to disable this warning
2026-02-15T15:35:15.463+05:30  INFO 16144 --- [           main] c.example.resume.ResumeApplicationTests  : Started ResumeApplicationTests in 6.193 seconds (process running for 7.504)
]]></system-out>
  </testcase>
</testsuite>